<?xml version="1.0" encoding="UTF-8"?>
<testsuite name="com.allexis.randomcontactsapp.ExampleUnitTest" tests="1" skipped="0" failures="0" errors="0" timestamp="2017-11-02T23:13:36" hostname="Allexiss-MacBook-Air.local" time="0.001">
  <properties/>
  <testcase name="addition_isCorrect" classname="com.allexis.randomcontactsapp.ExampleUnitTest" time="0.001"/>
  <system-out><![CDATA[]]></system-out>
  <system-err><![CDATA[]]></system-err>
</testsuite>
