<?xml version="1.0" encoding="UTF-8"?>
<testsuite name="com.allexis.randomcontactsapp.ui.screen.user.UserFragmentTest" tests="1" skipped="0" failures="0" errors="0" timestamp="2017-11-02T23:13:22" hostname="Allexiss-MacBook-Air.local" time="14.235">
  <properties/>
  <testcase name="testDismissButtonClick" classname="com.allexis.randomcontactsapp.ui.screen.user.UserFragmentTest" time="14.235"/>
  <system-out><![CDATA[WARNING: No manifest file found at ./AndroidManifest.xml.
Falling back to the Android OS resources only.
To remove this warning, annotate your test class with @Config(manifest=Config.NONE).
]]></system-out>
  <system-err><![CDATA[No such manifest file: ./AndroidManifest.xml
]]></system-err>
</testsuite>
